<?xml version="1.0" encoding="UTF-8"?>
<coverage generated="1703797984754" clover="3.2.0">
  <project timestamp="1703797984754" name="All files">
    <metrics statements="27" coveredstatements="23" conditionals="5" coveredconditionals="3" methods="2" coveredmethods="1" elements="34" coveredelements="27" complexity="0" loc="27" ncloc="27" packages="1" files="2" classes="2"/>
    <file name="index.ts" path="/Users/thisguymartin/personal-workspace/emoji-stripper/src/index.ts">
      <metrics statements="2" coveredstatements="0" conditionals="1" coveredconditionals="0" methods="1" coveredmethods="0"/>
      <line num="1" count="0" type="cond" truecount="0" falsecount="1"/>
      <line num="2" count="0" type="stmt"/>
    </file>
    <file name="stripEmojis.ts" path="/Users/thisguymartin/personal-workspace/emoji-stripper/src/stripEmojis.ts">
      <metrics statements="25" coveredstatements="23" conditionals="4" coveredconditionals="3" methods="1" coveredmethods="1"/>
      <line num="1" count="1" type="stmt"/>
      <line num="2" count="1" type="stmt"/>
      <line num="3" count="1" type="stmt"/>
      <line num="4" count="1" type="stmt"/>
      <line num="5" count="1" type="stmt"/>
      <line num="6" count="5" type="cond" truecount="1" falsecount="0"/>
      <line num="7" count="5" type="stmt"/>
      <line num="8" count="5" type="stmt"/>
      <line num="9" count="5" type="stmt"/>
      <line num="10" count="5" type="cond" truecount="0" falsecount="1"/>
      <line num="11" count="0" type="stmt"/>
      <line num="12" count="0" type="stmt"/>
      <line num="13" count="5" type="stmt"/>
      <line num="14" count="5" type="cond" truecount="1" falsecount="0"/>
      <line num="15" count="2" type="stmt"/>
      <line num="16" count="2" type="stmt"/>
      <line num="17" count="2" type="stmt"/>
      <line num="18" count="5" type="stmt"/>
      <line num="19" count="5" type="cond" truecount="1" falsecount="0"/>
      <line num="20" count="2" type="stmt"/>
      <line num="21" count="2" type="stmt"/>
      <line num="22" count="2" type="stmt"/>
      <line num="23" count="5" type="stmt"/>
      <line num="24" count="5" type="stmt"/>
      <line num="25" count="5" type="stmt"/>
    </file>
  </project>
</coverage>
