{"/Users/thisguymartin/personal-workspace/emoji-stripper/src/index.ts": {"path":"/Users/thisguymartin/personal-workspace/emoji-stripper/src/index.ts","all":true,"statementMap":{"0":{"start":{"line":1,"column":0},"end":{"line":1,"column":39}},"1":{"start":{"line":2,"column":0},"end":{"line":2,"column":26}}},"s":{"0":0,"1":0},"branchMap":{"0":{"type":"branch","line":1,"loc":{"start":{"line":1,"column":0},"end":{"line":2,"column":26}},"locations":[{"start":{"line":1,"column":0},"end":{"line":2,"column":26}}]}},"b":{"0":[0]},"fnMap":{"0":{"name":"(empty-report)","decl":{"start":{"line":1,"column":0},"end":{"line":2,"column":26}},"loc":{"start":{"line":1,"column":0},"end":{"line":2,"column":26}},"line":1}},"f":{"0":0}}
,"/Users/thisguymartin/personal-workspace/emoji-stripper/src/stripEmojis.ts": {"path":"/Users/thisguymartin/personal-workspace/emoji-stripper/src/stripEmojis.ts","all":false,"statementMap":{"0":{"start":{"line":1,"column":0},"end":{"line":1,"column":21}},"1":{"start":{"line":2,"column":0},"end":{"line":2,"column":24}},"2":{"start":{"line":3,"column":0},"end":{"line":3,"column":27}},"3":{"start":{"line":4,"column":0},"end":{"line":4,"column":2}},"4":{"start":{"line":5,"column":0},"end":{"line":5,"column":0}},"5":{"start":{"line":6,"column":0},"end":{"line":6,"column":83}},"6":{"start":{"line":7,"column":0},"end":{"line":7,"column":20}},"7":{"start":{"line":8,"column":0},"end":{"line":8,"column":0}},"8":{"start":{"line":9,"column":0},"end":{"line":9,"column":61}},"9":{"start":{"line":10,"column":0},"end":{"line":10,"column":43}},"10":{"start":{"line":11,"column":0},"end":{"line":11,"column":34}},"11":{"start":{"line":12,"column":0},"end":{"line":12,"column":3}},"12":{"start":{"line":13,"column":0},"end":{"line":13,"column":0}},"13":{"start":{"line":14,"column":0},"end":{"line":14,"column":29}},"14":{"start":{"line":15,"column":0},"end":{"line":15,"column":593}},"15":{"start":{"line":16,"column":0},"end":{"line":16,"column":46}},"16":{"start":{"line":17,"column":0},"end":{"line":17,"column":3}},"17":{"start":{"line":18,"column":0},"end":{"line":18,"column":0}},"18":{"start":{"line":19,"column":0},"end":{"line":19,"column":32}},"19":{"start":{"line":20,"column":0},"end":{"line":20,"column":88}},"20":{"start":{"line":21,"column":0},"end":{"line":21,"column":49}},"21":{"start":{"line":22,"column":0},"end":{"line":22,"column":3}},"22":{"start":{"line":23,"column":0},"end":{"line":23,"column":0}},"23":{"start":{"line":24,"column":0},"end":{"line":24,"column":16}},"24":{"start":{"line":25,"column":0},"end":{"line":25,"column":1}}},"s":{"0":1,"1":1,"2":1,"3":1,"4":1,"5":5,"6":5,"7":5,"8":5,"9":5,"10":0,"11":0,"12":5,"13":5,"14":2,"15":2,"16":2,"17":5,"18":5,"19":2,"20":2,"21":2,"22":5,"23":5,"24":5},"branchMap":{"0":{"type":"branch","line":6,"loc":{"start":{"line":6,"column":0},"end":{"line":25,"column":1}},"locations":[{"start":{"line":6,"column":0},"end":{"line":25,"column":1}}]},"1":{"type":"branch","line":10,"loc":{"start":{"line":10,"column":42},"end":{"line":12,"column":3}},"locations":[{"start":{"line":10,"column":42},"end":{"line":12,"column":3}}]},"2":{"type":"branch","line":14,"loc":{"start":{"line":14,"column":28},"end":{"line":17,"column":3}},"locations":[{"start":{"line":14,"column":28},"end":{"line":17,"column":3}}]},"3":{"type":"branch","line":19,"loc":{"start":{"line":19,"column":31},"end":{"line":22,"column":3}},"locations":[{"start":{"line":19,"column":31},"end":{"line":22,"column":3}}]}},"b":{"0":[5],"1":[0],"2":[2],"3":[2]},"fnMap":{"0":{"name":"stripEmojis","decl":{"start":{"line":6,"column":0},"end":{"line":25,"column":1}},"loc":{"start":{"line":6,"column":0},"end":{"line":25,"column":1}},"line":6}},"f":{"0":5}}
}
